<?xml version="1.0" encoding="UTF-8"?>
<testng-results ignored="0" total="2" passed="2" failed="0" skipped="0">
  <reporter-output>
  </reporter-output>
  <suite started-at="2022-08-29T14:38:06Z" name="Default suite" finished-at="2022-08-29T14:38:12Z" duration-ms="6046">
    <groups>
    </groups>
    <test started-at="2022-08-29T14:38:06Z" name="Default test" finished-at="2022-08-29T14:38:12Z" duration-ms="6046">
      <class name="RestAssured.Test.loginTest">
        <test-method signature="Login_req()[pri:0, instance:RestAssured.Test.loginTest@cc43f62]" started-at="2022-08-29T14:38:06Z" name="Login_req" finished-at="2022-08-29T14:38:12Z" duration-ms="5834" status="PASS">
          <reporter-output>
          </reporter-output>
        </test-method> <!-- Login_req -->
        <test-method signature="addData()[pri:0, instance:RestAssured.Test.loginTest@cc43f62]" started-at="2022-08-29T14:38:12Z" name="addData" finished-at="2022-08-29T14:38:12Z" depends-on-methods="RestAssured.Test.loginTest.Login_req" duration-ms="169" status="PASS">
          <reporter-output>
          </reporter-output>
        </test-method> <!-- addData -->
      </class> <!-- RestAssured.Test.loginTest -->
    </test> <!-- Default test -->
  </suite> <!-- Default suite -->
</testng-results>
